  Asteroid.cpp
C:\Users\aleee\source\repos\MyGame\MyGame\mydrawengine.h(12,10): fatal error C1083: Cannot open include file: 'd3dx9.h': No such file or directory
  Background.cpp
C:\Users\aleee\source\repos\MyGame\MyGame\mydrawengine.h(12,10): fatal error C1083: Cannot open include file: 'd3dx9.h': No such file or directory
  Boss.cpp
C:\Users\aleee\source\repos\MyGame\MyGame\mydrawengine.h(12,10): fatal error C1083: Cannot open include file: 'd3dx9.h': No such file or directory
  Bullet.cpp
C:\Users\aleee\source\repos\MyGame\MyGame\mydrawengine.h(12,10): fatal error C1083: Cannot open include file: 'd3dx9.h': No such file or directory
  camera.cpp
C:\Users\aleee\source\repos\MyGame\MyGame\mydrawengine.h(12,10): fatal error C1083: Cannot open include file: 'd3dx9.h': No such file or directory
  Chicken.cpp
C:\Users\aleee\source\repos\MyGame\MyGame\mydrawengine.h(12,10): fatal error C1083: Cannot open include file: 'd3dx9.h': No such file or directory
  EnemySpaceship.cpp
C:\Users\aleee\source\repos\MyGame\MyGame\mydrawengine.h(12,10): fatal error C1083: Cannot open include file: 'd3dx9.h': No such file or directory
  ErrorLogger.cpp
  Explosion.cpp
C:\Users\aleee\source\repos\MyGame\MyGame\mydrawengine.h(12,10): fatal error C1083: Cannot open include file: 'd3dx9.h': No such file or directory
  gamecode.cpp
C:\Users\aleee\source\repos\MyGame\MyGame\mydrawengine.h(12,10): fatal error C1083: Cannot open include file: 'd3dx9.h': No such file or directory
  GameManager.cpp
C:\Users\aleee\source\repos\MyGame\MyGame\mydrawengine.h(12,10): fatal error C1083: Cannot open include file: 'd3dx9.h': No such file or directory
  GameObject.cpp
C:\Users\aleee\source\repos\MyGame\MyGame\mydrawengine.h(12,10): fatal error C1083: Cannot open include file: 'd3dx9.h': No such file or directory
  gametimer.cpp
  Laser.cpp
C:\Users\aleee\source\repos\MyGame\MyGame\mydrawengine.h(12,10): fatal error C1083: Cannot open include file: 'd3dx9.h': No such file or directory
  Message.cpp
  mydrawengine.cpp
C:\Users\aleee\source\repos\MyGame\MyGame\mydrawengine.h(12,10): fatal error C1083: Cannot open include file: 'd3dx9.h': No such file or directory
  myinputs.cpp
  ObjectManager.cpp
C:\Users\aleee\source\repos\MyGame\MyGame\mydrawengine.h(12,10): fatal error C1083: Cannot open include file: 'd3dx9.h': No such file or directory
  Particles.cpp
C:\Users\aleee\source\repos\MyGame\MyGame\mydrawengine.h(12,10): fatal error C1083: Cannot open include file: 'd3dx9.h': No such file or directory
  Spaceship.cpp
C:\Users\aleee\source\repos\MyGame\MyGame\mydrawengine.h(12,10): fatal error C1083: Cannot open include file: 'd3dx9.h': No such file or directory
  Generating Code...
  Compiling...
  wincode.cpp
C:\Users\aleee\source\repos\MyGame\MyGame\mydrawengine.h(12,10): fatal error C1083: Cannot open include file: 'd3dx9.h': No such file or directory
  Generating Code...
